<?xml version="1.0" encoding="UTF-8"?>
<!-- Generated by org.testng.reporters.JUnitReportReporter -->
<testsuite hostname="DESKTOP-K020L2O" failures="0" tests="1" name="com.selenium.SampleSelenium.SampleSelGoogleTest1" time="2.892" errors="0" timestamp="25 Jul 2023 16:09:59 GMT">
  <testcase classname="com.selenium.SampleSelenium.SampleSelGoogleTest1" name="sampleSelGoogleTest1" time="2.892"/>
</testsuite> <!-- com.selenium.SampleSelenium.SampleSelGoogleTest1 -->
