<?xml version="1.0" encoding="UTF-8"?>
<!-- Generated by org.testng.reporters.JUnitReportReporter -->
<testsuite hostname="DESKTOP-P9ICOFD" name="com.selenium.SampleSelenium.SampleSelGoogleTest1" tests="1" failures="0" timestamp="28 Jun 2020 15:12:42 GMT" time="3.097" errors="0">
  <testcase name="simpleTest" time="3.097" classname="com.selenium.SampleSelenium.SampleSelGoogleTest1"/>
</testsuite> <!-- com.selenium.SampleSelenium.SampleSelGoogleTest1 -->
