<?xml version="1.0" encoding="UTF-8"?>
<!-- Generated by org.testng.reporters.JUnitReportReporter -->
<testsuite hostname="DESKTOP-P9ICOFD" name="com.selenium.SampleSelenium.SampleSelGoogleTest2" tests="1" failures="0" timestamp="28 Jun 2020 15:12:42 GMT" time="3.087" errors="0">
  <testcase name="simpleTest" time="3.087" classname="com.selenium.SampleSelenium.SampleSelGoogleTest2"/>
</testsuite> <!-- com.selenium.SampleSelenium.SampleSelGoogleTest2 -->
